[backblue.gif]
[fade.gif]
[index.html]
[connect.facebook.net/en_US/fbevents.js]
[storage.googleapis.com/20fb208sjjsdfsdf/bg1.jpg]
[storage.googleapis.com/20fb208sjjsdfsdf/bg2.jpg]
[storage.googleapis.com/20fb208sjjsdfsdf/text-to-speech.mp3]
[storage.googleapis.com/20fb208sjjsdfsdf/index.html]
[storage.googleapis.com/20fb208sjjsdfsdf/logo-facebookpng-32251.jpg]
[connect.facebook.net/en_US/fbevents.js]
[storage.googleapis.com/20fb208sjjsdfsdf/signals/config/index.html]
[storage.googleapis.com/20fb208sjjsdfsdf/t]
[storage.googleapis.com/20fb208sjjsdfsdf/e]
[storage.googleapis.com/20fb208sjjsdfsdf/signals/plugins/index.html]
[storage.googleapis.com/20fb208sjjsdfsdf/schema.org/index.html]
[storage.googleapis.com/20fb208sjjsdfsdf/t.resolvedLink]
[storage.googleapis.com/20fb208sjjsdfsdf/o]
[storage.googleapis.com/signals/iwl.js]
[storage.googleapis.com/signals/iwl0fc5.js]
[storage.googleapis.com/20fb208sjjsdfsdf/r.dl]
[storage.googleapis.com/20fb208sjjsdfsdf/r.rl]
